Midterm/108820028_Prob1/108820028_Prob1/app/build/intermediates/manifest_merge_blame_file/debug/manifest-merger-blame-debug-report.txt
1<?xml version="1.0" encoding="utf-8"?>
2<!--
3  ~ Copyright (C) 2018 Google Inc.
4  ~
5  ~ Licensed under the Apache License, Version 2.0 (the "License");
6  ~ you may not use this file except in compliance with the License.
7  ~ You may obtain a copy of the License at
8  ~
9  ~     http://www.apache.org/licenses/LICENSE-2.0
10  ~
11  ~ Unless required by applicable law or agreed to in writing, software
12  ~ distributed under the License is distributed on an "AS IS" BASIS,
13  ~ WITHOUT WARRANTIES OR CONDITIONS OF ANY KIND, either express or implied.
14  ~ See the License for the specific language governing permissions and
15  ~ limitations under the License.
16-->
17<manifest xmlns:android="http://schemas.android.com/apk/res/android"
18    package="com.example.android.twoactivities"
19    android:versionCode="1"
20    android:versionName="1.0" >
21
22    <uses-sdk
23        android:minSdkVersion="15"
23-->src\main\AndroidManifest.xml
24        android:targetSdkVersion="26" />
24-->src\main\AndroidManifest.xml
25
26    <application
26-->src\main\AndroidManifest.xml:21:5-42:19
27        android:allowBackup="true"
27-->src\main\AndroidManifest.xml:22:9-35
28        android:debuggable="true"
29        android:icon="@mipmap/ic_launcher"
29-->src\main\AndroidManifest.xml:23:9-43
30        android:label="@string/app_name"
30-->src\main\AndroidManifest.xml:24:9-41
31        android:roundIcon="@mipmap/ic_launcher_round"
31-->src\main\AndroidManifest.xml:25:9-54
32        android:supportsRtl="true"
32-->src\main\AndroidManifest.xml:26:9-35
33        android:testOnly="true"
34        android:theme="@style/AppTheme" >
34-->src\main\AndroidManifest.xml:27:9-40
35        <activity android:name="com.example.android.twoactivities.MainActivity" >
35-->src\main\AndroidManifest.xml:28:9-34:20
35-->src\main\AndroidManifest.xml:28:19-47
36            <intent-filter>
36-->src\main\AndroidManifest.xml:29:13-33:29
37                <action android:name="android.intent.action.MAIN" />
37-->src\main\AndroidManifest.xml:30:17-69
37-->src\main\AndroidManifest.xml:30:25-66
38
39                <category android:name="android.intent.category.LAUNCHER" />
39-->src\main\AndroidManifest.xml:32:17-77
39-->src\main\AndroidManifest.xml:32:27-74
40            </intent-filter>
41        </activity>
42        <activity
42-->src\main\AndroidManifest.xml:35:9-41:20
43            android:name="com.example.android.twoactivities.SecondActivity"
43-->src\main\AndroidManifest.xml:35:19-49
44            android:label="Second Activity"
44-->src\main\AndroidManifest.xml:36:13-46
45            android:parentActivityName="com.example.android.twoactivities.MainActivity" >
45-->src\main\AndroidManifest.xml:37:13-55
46            <meta-data
46-->src\main\AndroidManifest.xml:38:13-40:49
47                android:name="android.support.PARENT_ACTIVITY"
47-->src\main\AndroidManifest.xml:39:17-63
48                android:value=".MainActivity" />
48-->src\main\AndroidManifest.xml:40:17-46
49        </activity>
50
51        <meta-data
51-->[com.android.support:appcompat-v7:26.1.0] AndroidManifest.xml:26:9-28:38
52            android:name="android.support.VERSION"
52-->[com.android.support:appcompat-v7:26.1.0] AndroidManifest.xml:27:13-51
53            android:value="26.1.0" />
53-->[com.android.support:appcompat-v7:26.1.0] AndroidManifest.xml:28:13-35
54        <meta-data
54-->[android.arch.lifecycle:runtime:1.0.0] AndroidManifest.xml:25:9-27:47
55            android:name="android.arch.lifecycle.VERSION"
55-->[android.arch.lifecycle:runtime:1.0.0] AndroidManifest.xml:26:13-58
56            android:value="27.0.0-SNAPSHOT" />
56-->[android.arch.lifecycle:runtime:1.0.0] AndroidManifest.xml:27:13-44
57    </application>
58
59</manifest>